<?xml version="1.0" encoding="UTF-8"?>
<!-- Generated by org.testng.reporters.JUnitXMLReporter -->
<testsuite hostname="ADMIN" name="Test on Chrome" tests="1" failures="0" timestamp="12 Jan 2016 07:53:32 GMT" time="0.014" errors="0">
  <testcase name="@BeforeTest launchBrowser" time="0.0" classname="mainScript.ScriptPOM">
    <failure type="java.lang.IllegalStateException" message="The driver executable does not exist: D:\Drivers\chromedriver.exe">
      <![CDATA[java.lang.IllegalStateException: The driver executable does not exist: D:\Drivers\chromedriver.exe
	at com.google.common.base.Preconditions.checkState(Preconditions.java:197)
	at org.openqa.selenium.remote.service.DriverService.checkExecutable(DriverService.java:121)
	at org.openqa.selenium.remote.service.DriverService.findExecutable(DriverService.java:116)
	at org.openqa.selenium.chrome.ChromeDriverService.access$0(ChromeDriverService.java:1)
	at org.openqa.selenium.chrome.ChromeDriverService$Builder.findDefaultExecutable(ChromeDriverService.java:137)
	at org.openqa.selenium.remote.service.DriverService$Builder.build(DriverService.java:290)
	at org.openqa.selenium.chrome.ChromeDriverService.createDefaultService(ChromeDriverService.java:88)
	at org.openqa.selenium.chrome.ChromeDriver.<init>(ChromeDriver.java:116)
	at mainScript.ScriptPOM.launchBrowser(ScriptPOM.java:37)
... Removed 22 stack frames]]>
    </failure>
  </testcase> <!-- @BeforeTest launchBrowser -->
  <testcase name="@AfterTest closeBrowser" time="0.0" classname="mainScript.ScriptPOM">
    <skipped/>
  </testcase> <!-- @AfterTest closeBrowser -->
  <testcase name="homePage" time="0.002" classname="mainScript.ScriptPOM">
    <skipped/>
  </testcase> <!-- homePage -->
</testsuite> <!-- Test on Chrome -->
